{
  "stats": {
    "suites": 15,
    "tests": 42,
    "passes": 40,
    "pending": 0,
    "failures": 2,
    "testsRegistered": 42,
    "passPercent": 95.23809523809524,
    "pendingPercent": 0,
    "other": 0,
    "hasOther": false,
    "skipped": 0,
    "hasSkipped": false,
    "start": "2023-09-22T00:19:34.312Z",
    "end": "2023-09-22T00:23:13.114Z",
    "duration": 218802
  },
  "results": [
    {
      "uuid": "86a8913f-38c2-436d-81be-4ed72a8a0e4b",
      "title": "",
      "fullFile": "cypress\\e2e\\webdriver-uni\\autocomplete-dropdown-list.cy.js",
      "file": "cypress\\e2e\\webdriver-uni\\autocomplete-dropdown-list.cy.js",
      "beforeHooks": [],
      "afterHooks": [],
      "tests": [],
      "suites": [
        {
          "uuid": "25805637-486b-4fe5-8c62-7b74cbc450d4",
          "title": "Verify autocomplete dropdown lists via WebDriverUni",
          "fullFile": "",
          "file": "",
          "beforeHooks": [],
          "afterHooks": [],
          "tests": [
            {
              "title": "Search for specific product via autocomplete list",
              "fullTitle": "Verify autocomplete dropdown lists via WebDriverUni Search for specific product via autocomplete list",
              "timedOut": null,
              "duration": 4943,
              "state": "passed",
              "speed": "fast",
              "pass": true,
              "fail": false,
              "pending": false,
              "context": null,
              "code": "cy.visit(\"http://www.webdriveruniversity.com\");\ncy.get('#autocomplete-textfield').invoke('removeAttr', 'target').click({\n  force: true\n});\ncy.get('#myInput').type('A');\ncy.get('#myInputautocomplete-list > *').each(($el, index, $list) => {\n  const prod = $el.text();\n  const productToSelect = 'Avacado';\n  if (prod === productToSelect) {\n    $el.trigger(\"click\");\n    cy.get('#submit-button').click();\n    cy.url().should('include', productToSelect);\n  }\n});",
              "err": {},
              "uuid": "75bd99da-4106-4b67-868e-9242d4526b12",
              "parentUUID": "25805637-486b-4fe5-8c62-7b74cbc450d4",
              "isHook": false,
              "skipped": false
            }
          ],
          "suites": [],
          "passes": [
            "75bd99da-4106-4b67-868e-9242d4526b12"
          ],
          "failures": [],
          "pending": [],
          "skipped": [],
          "duration": 4943,
          "root": false,
          "rootEmpty": false,
          "_timeout": 2000
        }
      ],
      "passes": [],
      "failures": [],
      "pending": [],
      "skipped": [],
      "duration": 0,
      "root": true,
      "rootEmpty": true,
      "_timeout": 2000
    },
    {
      "uuid": "a27b9c65-2ca5-4488-a2b3-2c4006897174",
      "title": "",
      "fullFile": "cypress\\e2e\\webdriver-uni\\browser-navigation.cy.js",
      "file": "cypress\\e2e\\webdriver-uni\\browser-navigation.cy.js",
      "beforeHooks": [],
      "afterHooks": [],
      "tests": [],
      "suites": [
        {
          "uuid": "c8b4d7d3-b983-42b4-8f52-c8a83ef3f62d",
          "title": "Validate WebDriverUni homepage links",
          "fullFile": "",
          "file": "",
          "beforeHooks": [],
          "afterHooks": [],
          "tests": [
            {
              "title": "ToDo list",
              "fullTitle": "Validate WebDriverUni homepage links ToDo list",
              "timedOut": null,
              "duration": 3975,
              "state": "passed",
              "speed": "fast",
              "pass": true,
              "fail": false,
              "pending": false,
              "context": null,
              "code": "cy.visit('http://www.webdriveruniversity.com/');\ncy.get('#to-do-list').invoke('removeAttr', 'target').click({\n  force: true\n});\ncy.url().should('include', 'To-Do-List');\ncy.go('back');",
              "err": {},
              "uuid": "ade64350-faf4-42ae-a6d1-4a9adfa76cbb",
              "parentUUID": "c8b4d7d3-b983-42b4-8f52-c8a83ef3f62d",
              "isHook": false,
              "skipped": false
            }
          ],
          "suites": [],
          "passes": [
            "ade64350-faf4-42ae-a6d1-4a9adfa76cbb"
          ],
          "failures": [],
          "pending": [],
          "skipped": [],
          "duration": 3975,
          "root": false,
          "rootEmpty": false,
          "_timeout": 2000
        }
      ],
      "passes": [],
      "failures": [],
      "pending": [],
      "skipped": [],
      "duration": 0,
      "root": true,
      "rootEmpty": true,
      "_timeout": 2000
    },
    {
      "uuid": "89f0c6d9-d4d4-4029-a258-440b2c8cfec0",
      "title": "",
      "fullFile": "cypress\\e2e\\webdriver-uni\\checkboxes.cy.js",
      "file": "cypress\\e2e\\webdriver-uni\\checkboxes.cy.js",
      "beforeHooks": [],
      "afterHooks": [],
      "tests": [],
      "suites": [
        {
          "uuid": "844f9495-a5e2-4c89-ac1f-3de6018149c3",
          "title": "Verifying checkboxes via WebDriverUni",
          "fullFile": "",
          "file": "",
          "beforeHooks": [],
          "afterHooks": [],
          "tests": [
            {
              "title": "Validate checkbox",
              "fullTitle": "Verifying checkboxes via WebDriverUni Validate checkbox",
              "timedOut": null,
              "duration": 3955,
              "state": "passed",
              "speed": "fast",
              "pass": true,
              "fail": false,
              "pending": false,
              "context": null,
              "code": "// cy.get('#checkboxes > :nth-child(1) > input').check().should('be.checked');\ncy.get('#checkboxes > :nth-child(1) > input').as('option-1');\ncy.get('@option-1').check();\ncy.get('@option-1').uncheck().should('not.be.checked');",
              "err": {},
              "uuid": "b29d0851-243a-4720-962a-14da38a301c6",
              "parentUUID": "844f9495-a5e2-4c89-ac1f-3de6018149c3",
              "isHook": false,
              "skipped": false
            },
            {
              "title": "Validate uncheck the 3rd checkbox",
              "fullTitle": "Verifying checkboxes via WebDriverUni Validate uncheck the 3rd checkbox",
              "timedOut": null,
              "duration": 1123,
              "state": "passed",
              "speed": "fast",
              "pass": true,
              "fail": false,
              "pending": false,
              "context": null,
              "code": "// cy.get('#checkboxes > :nth-child(1) > input').check().should('be.checked');\ncy.get('#checkboxes > :nth-child(5) > input').as('option-3');\ncy.get('@option-3').check().should('be.checked');\ncy.get('@option-3').uncheck().should('not.be.checked');",
              "err": {},
              "uuid": "50930dd8-4d95-40d2-9ec5-c54df0ee5cbd",
              "parentUUID": "844f9495-a5e2-4c89-ac1f-3de6018149c3",
              "isHook": false,
              "skipped": false
            },
            {
              "title": "Check/Uncheck multiple options at once",
              "fullTitle": "Verifying checkboxes via WebDriverUni Check/Uncheck multiple options at once",
              "timedOut": null,
              "duration": 1306,
              "state": "passed",
              "speed": "fast",
              "pass": true,
              "fail": false,
              "pending": false,
              "context": null,
              "code": "// cy.get('#checkboxes > :nth-child(1) > input').check().should('be.checked');\ncy.get(\"input[type='checkbox']\").as('options');\ncy.get('@options').check([\"option-1\", \"option-2\", \"option-3\", \"option-4\"]).should('be.checked');",
              "err": {},
              "uuid": "1931ed87-50b7-41d9-8245-7298321d85d0",
              "parentUUID": "844f9495-a5e2-4c89-ac1f-3de6018149c3",
              "isHook": false,
              "skipped": false
            }
          ],
          "suites": [],
          "passes": [
            "b29d0851-243a-4720-962a-14da38a301c6",
            "50930dd8-4d95-40d2-9ec5-c54df0ee5cbd",
            "1931ed87-50b7-41d9-8245-7298321d85d0"
          ],
          "failures": [],
          "pending": [],
          "skipped": [],
          "duration": 6384,
          "root": false,
          "rootEmpty": false,
          "_timeout": 2000
        }
      ],
      "passes": [],
      "failures": [],
      "pending": [],
      "skipped": [],
      "duration": 0,
      "root": true,
      "rootEmpty": true,
      "_timeout": 2000
    },
    {
      "uuid": "00457d36-37c0-4453-ad32-b1b1300d950e",
      "title": "",
      "fullFile": "cypress\\e2e\\webdriver-uni\\contact-us-page-objects.cy.js",
      "file": "cypress\\e2e\\webdriver-uni\\contact-us-page-objects.cy.js",
      "beforeHooks": [],
      "afterHooks": [],
      "tests": [],
      "suites": [
        {
          "uuid": "71f26050-d543-4106-8016-f1e54e28b4d8",
          "title": "Test Contact Ust form via WebDriverUni",
          "fullFile": "",
          "file": "",
          "beforeHooks": [],
          "afterHooks": [],
          "tests": [
            {
              "title": "Should be able to submit a successful submission via contact us form",
              "fullTitle": "Test Contact Ust form via WebDriverUni Should be able to submit a successful submission via contact us form",
              "timedOut": null,
              "duration": 5643,
              "state": "passed",
              "speed": "medium",
              "pass": true,
              "fail": false,
              "pending": false,
              "context": null,
              "code": "cy.document().should('have.property', 'charset').and('eq', 'UTF-8');\ncy.title().should('include', 'WebDriver | Contact Us');\ncy.url().should('include', 'Contact-Us/contactus.html');\n// cy.webdriverUni_ContactFrom_Submission(Cypress.env(\"first_name\"), data.last_name, data.email, \"Type this inside text area\", 'h1', 'Thank You for your Message!');\ncontactUs_Page.contactForm_Submission(Cypress.env(\"first_name\"), data.last_name, data.email, \"Type this inside text area\", 'h1', 'Thank You for your Message!');",
              "err": {},
              "uuid": "bbded632-e34e-4119-aabf-3d25815a4bf2",
              "parentUUID": "71f26050-d543-4106-8016-f1e54e28b4d8",
              "isHook": false,
              "skipped": false
            },
            {
              "title": "Should NOT be able to submit a a successful submission via contact us form",
              "fullTitle": "Test Contact Ust form via WebDriverUni Should NOT be able to submit a a successful submission via contact us form",
              "timedOut": null,
              "duration": 2702,
              "state": "passed",
              "speed": "fast",
              "pass": true,
              "fail": false,
              "pending": false,
              "context": null,
              "code": "contactUs_Page.contactForm_Submission(data.first_name, data.last_name, \" \", \"Unsuccessful submission\", 'body', '\\n\\n\\n Error: Invalid email address\\n\\n\\n');",
              "err": {},
              "uuid": "90f63ef1-e146-4db2-bfb8-e1e8b9dad4ff",
              "parentUUID": "71f26050-d543-4106-8016-f1e54e28b4d8",
              "isHook": false,
              "skipped": false
            }
          ],
          "suites": [],
          "passes": [
            "bbded632-e34e-4119-aabf-3d25815a4bf2",
            "90f63ef1-e146-4db2-bfb8-e1e8b9dad4ff"
          ],
          "failures": [],
          "pending": [],
          "skipped": [],
          "duration": 8345,
          "root": false,
          "rootEmpty": false,
          "_timeout": 2000
        }
      ],
      "passes": [],
      "failures": [],
      "pending": [],
      "skipped": [],
      "duration": 0,
      "root": true,
      "rootEmpty": true,
      "_timeout": 2000
    },
    {
      "uuid": "7950ec70-f11e-4481-82bb-921e5c85c567",
      "title": "",
      "fullFile": "cypress\\e2e\\webdriver-uni\\contact-us.cy.js",
      "file": "cypress\\e2e\\webdriver-uni\\contact-us.cy.js",
      "beforeHooks": [],
      "afterHooks": [],
      "tests": [],
      "suites": [
        {
          "uuid": "53d4daa3-26b3-4d70-beef-b49dadbb1ee8",
          "title": "Test Contact Ust form via WebDriverUni",
          "fullFile": "",
          "file": "",
          "beforeHooks": [],
          "afterHooks": [],
          "tests": [
            {
              "title": "Should be able to submit a successful submission via contact us form",
              "fullTitle": "Test Contact Ust form via WebDriverUni Should be able to submit a successful submission via contact us form",
              "timedOut": null,
              "duration": 6245,
              "state": "passed",
              "speed": "medium",
              "pass": true,
              "fail": false,
              "pending": false,
              "context": null,
              "code": "// cy.visit('http://www.webdriveruniversity.com/Contact-Us/contactus.html');\n// cy.visit('http://www.webdriveruniversity.com/');\n// cy.get('#contact-us').invoke('removeAttr', 'target').click({ force: true });\ncy.document().should('have.property', 'charset').and('eq', 'UTF-8');\ncy.title().should('include', 'WebDriver | Contact Us');\ncy.url().should('include', 'Contact-Us/contactus.html');\ncy.webdriverUni_ContactFrom_Submission(Cypress.env(\"first_name\"), data.last_name, data.email, \"Type this inside text area\", 'h1', 'Thank You for your Message!');",
              "err": {},
              "uuid": "1422cd14-da0b-43ec-ac6b-7351f2f015f7",
              "parentUUID": "53d4daa3-26b3-4d70-beef-b49dadbb1ee8",
              "isHook": false,
              "skipped": false
            },
            {
              "title": "Should NOT be able to submit a a successful submission via contact us form",
              "fullTitle": "Test Contact Ust form via WebDriverUni Should NOT be able to submit a a successful submission via contact us form",
              "timedOut": null,
              "duration": 1933,
              "state": "passed",
              "speed": "fast",
              "pass": true,
              "fail": false,
              "pending": false,
              "context": null,
              "code": "// cy.visit('http://www.webdriveruniversity.com/Contact-Us/contactus.html');\n// cy.visit('http://www.webdriveruniversity.com/');\n// cy.get('#contact-us').invoke('removeAttr', 'target').click({ force: true });\n// cy.get(\"@user\").then((user) => {\n//     cy.get('[name=\"first_name\"]').type(user.first_name);\n//     cy.get('[name=\"last_name\"]').type(user.email);\n// })\n// cy.get('textarea.feedback-input').type('Testing type wrong form submission');\n// cy.get('[type=\"submit\"]').click();\n// cy.get('body').should('have.text', '\\n\\n\\n Error: all fields are required\\n Error: Invalid email address\\n\\n\\n')\ncy.webdriverUni_ContactFrom_Submission(data.first_name, data.last_name, \" \", \"Unsuccessful submission\", 'body', '\\n\\n\\n Error: Invalid email address\\n\\n\\n');",
              "err": {},
              "uuid": "4811f8e0-222c-487e-921e-866e99f20daa",
              "parentUUID": "53d4daa3-26b3-4d70-beef-b49dadbb1ee8",
              "isHook": false,
              "skipped": false
            }
          ],
          "suites": [],
          "passes": [
            "1422cd14-da0b-43ec-ac6b-7351f2f015f7",
            "4811f8e0-222c-487e-921e-866e99f20daa"
          ],
          "failures": [],
          "pending": [],
          "skipped": [],
          "duration": 8178,
          "root": false,
          "rootEmpty": false,
          "_timeout": 2000
        }
      ],
      "passes": [],
      "failures": [],
      "pending": [],
      "skipped": [],
      "duration": 0,
      "root": true,
      "rootEmpty": true,
      "_timeout": 2000
    },
    {
      "uuid": "76953f6e-0996-4e26-b9f3-8a35a4f2f500",
      "title": "",
      "fullFile": "cypress\\e2e\\webdriver-uni\\data-tables.cy.js",
      "file": "cypress\\e2e\\webdriver-uni\\data-tables.cy.js",
      "beforeHooks": [],
      "afterHooks": [],
      "tests": [],
      "suites": [
        {
          "uuid": "4ba99943-19d1-4b18-9281-cdcd98fda09d",
          "title": "Handling data via WebDriverUni",
          "fullFile": "",
          "file": "",
          "beforeHooks": [],
          "afterHooks": [],
          "tests": [
            {
              "title": "Calculate and assert the total age of all users",
              "fullTitle": "Handling data via WebDriverUni Calculate and assert the total age of all users",
              "timedOut": null,
              "duration": 3777,
              "state": "passed",
              "speed": "fast",
              "pass": true,
              "fail": false,
              "pending": false,
              "context": null,
              "code": "var userDetails = [];\nlet numb = 0;\ncy.get('#thumbnail-1 td').each(($el, index, $list) => {\n  userDetails[index] = $el.text();\n}).then(() => {\n  var i;\n  userDetails.forEach(element => {\n    if (Number(element)) {\n      numb += Number(element);\n      cy.log(element, numb);\n    }\n  });\n});",
              "err": {},
              "uuid": "ff230d5d-54c1-47a3-9377-ae843590811f",
              "parentUUID": "4ba99943-19d1-4b18-9281-cdcd98fda09d",
              "isHook": false,
              "skipped": false
            },
            {
              "title": "Calculate and assert the age of a given user based on last name",
              "fullTitle": "Handling data via WebDriverUni Calculate and assert the age of a given user based on last name",
              "timedOut": null,
              "duration": 956,
              "state": "passed",
              "speed": "fast",
              "pass": true,
              "fail": false,
              "pending": false,
              "context": null,
              "code": "cy.get('#thumbnail-1 tr td:nth-child(2)').each(($el, index, $list) => {\n  if ($el.text() == 'Woods') {\n    cy.log(index);\n    cy.get('#thumbnail-1 tr td:nth-child(2)').eq(index).next().then(function (age) {\n      const userAge = age.text();\n      expect(userAge).to.equal('80');\n    });\n  }\n});",
              "err": {},
              "uuid": "c4fb65bb-699d-4156-8d41-c3a0dfe85b98",
              "parentUUID": "4ba99943-19d1-4b18-9281-cdcd98fda09d",
              "isHook": false,
              "skipped": false
            }
          ],
          "suites": [],
          "passes": [
            "ff230d5d-54c1-47a3-9377-ae843590811f",
            "c4fb65bb-699d-4156-8d41-c3a0dfe85b98"
          ],
          "failures": [],
          "pending": [],
          "skipped": [],
          "duration": 4733,
          "root": false,
          "rootEmpty": false,
          "_timeout": 2000
        }
      ],
      "passes": [],
      "failures": [],
      "pending": [],
      "skipped": [],
      "duration": 0,
      "root": true,
      "rootEmpty": true,
      "_timeout": 2000
    },
    {
      "uuid": "2a0a59a0-6dab-4f1d-b006-398a2d749dee",
      "title": "",
      "fullFile": "cypress\\e2e\\webdriver-uni\\datepicker.cy.js",
      "file": "cypress\\e2e\\webdriver-uni\\datepicker.cy.js",
      "beforeHooks": [],
      "afterHooks": [],
      "tests": [],
      "suites": [
        {
          "uuid": "d16f1c9d-b2f1-4145-b9d7-54ef375a5eb9",
          "title": "Test Datepicker via webdriveruni",
          "fullFile": "",
          "file": "",
          "beforeHooks": [],
          "afterHooks": [],
          "tests": [
            {
              "title": "Select date from the datepicker",
              "fullTitle": "Test Datepicker via webdriveruni Select date from the datepicker",
              "timedOut": null,
              "duration": 14467,
              "state": "failed",
              "speed": null,
              "pass": false,
              "fail": true,
              "pending": false,
              "context": null,
              "code": "cy.visit(\"http://www.webdriveruniversity.com\");\ncy.get('#datepicker').invoke('removeAttr', 'target').click({\n  force: true\n});\ncy.get('#datepicker').click();\n//     let date = new Date();\n//     date.setDate(date.getDate())\n//     cy.log(date.getDate()) //get current day i.e. 22\n//     let date2 = new Date();\n//     date2.setDate(date.getDate() + 5)\n//     cy.log(date2.getDate()) //get current day i.e. 22 + 5 = 27\nvar date = new Date();\ndate.setDate(date.getDate() + 5);\nvar futureYear = date.getFullYear();\nvar futureMonth = date.toLocaleString(\"default\", {\n  month: \"long\"\n});\nvar futureDay = date.getDate();\ncy.log('Future: ' + futureYear, futureMonth, futureDay);\nfunction selectMonthAndYear() {\n  cy.get('.datepicker-dropdown').find('.datepicker-switch').first().then(currentDate => {\n    if (!currentDate.text().includes(futureYear)) {\n      cy.get('.next').first().click();\n      selectMonthAndYear();\n    }\n  }).then(() => {\n    cy.get('.datepicker-dropdown').find('.datepicker-switch').first().then(currentDate => {\n      if (!currentDate.text().includes(futureMonth)) {\n        cy.get('.next').first().click();\n        selectMonthAndYear();\n      }\n    });\n  });\n}\nfunction selectFutureDay() {\n  cy.get('[class=\"day\"]').contains(futureDay).click();\n}\nselectMonthAndYear();\nselectFutureDay();\ncy.get('#datepicker').click();\ncy.get('.active.day').should('contain.text', '1');",
              "err": {
                "message": "AssertionError: Timed out retrying after 10000ms: expected '<td.active.day>' to contain text '1', but the text was '26'",
                "estack": "AssertionError: Timed out retrying after 10000ms: expected '<td.active.day>' to contain text '1', but the text was '26'\n    at Context.eval (webpack:///./cypress/e2e/webdriver-uni/datepicker.cy.js:57:30)",
                "diff": "- '26'\n+ '1'\n"
              },
              "uuid": "56b14820-21f7-4ca2-b439-5827a376129c",
              "parentUUID": "d16f1c9d-b2f1-4145-b9d7-54ef375a5eb9",
              "isHook": false,
              "skipped": false
            }
          ],
          "suites": [],
          "passes": [],
          "failures": [
            "56b14820-21f7-4ca2-b439-5827a376129c"
          ],
          "pending": [],
          "skipped": [],
          "duration": 14467,
          "root": false,
          "rootEmpty": false,
          "_timeout": 2000
        }
      ],
      "passes": [],
      "failures": [],
      "pending": [],
      "skipped": [],
      "duration": 0,
      "root": true,
      "rootEmpty": true,
      "_timeout": 2000
    },
    {
      "uuid": "dc4f225e-ecd6-4974-8395-699e2f9c59c0",
      "title": "",
      "fullFile": "cypress\\e2e\\webdriver-uni\\file-upload.cy.js",
      "file": "cypress\\e2e\\webdriver-uni\\file-upload.cy.js",
      "beforeHooks": [],
      "afterHooks": [],
      "tests": [],
      "suites": [
        {
          "uuid": "145473a2-a37c-4953-9fbf-ee87074a9734",
          "title": "Test File Upload via WebdriverUni",
          "fullFile": "",
          "file": "",
          "beforeHooks": [],
          "afterHooks": [],
          "tests": [
            {
              "title": "Upload a file",
              "fullTitle": "Test File Upload via WebdriverUni Upload a file",
              "timedOut": null,
              "duration": 3570,
              "state": "passed",
              "speed": "fast",
              "pass": true,
              "fail": false,
              "pending": false,
              "context": null,
              "code": "cy.visit(\"http://www.webdriveruniversity.com\");\ncy.get('#file-upload').invoke('removeAttr', 'target').click({\n  force: true\n});\ncy.get('#myFile').selectFile(\"cypress/fixtures/laptop.png\");\ncy.get('#submit-button').click();",
              "err": {},
              "uuid": "d4d2ba7d-2a6a-4fe4-b645-ee9185237de3",
              "parentUUID": "145473a2-a37c-4953-9fbf-ee87074a9734",
              "isHook": false,
              "skipped": false
            },
            {
              "title": "Upload NO file",
              "fullTitle": "Test File Upload via WebdriverUni Upload NO file",
              "timedOut": null,
              "duration": 1220,
              "state": "passed",
              "speed": "fast",
              "pass": true,
              "fail": false,
              "pending": false,
              "context": null,
              "code": "cy.visit(\"http://www.webdriveruniversity.com\");\ncy.get('#file-upload').invoke('removeAttr', 'target').click({\n  force: true\n});\ncy.get('#submit-button').click();",
              "err": {},
              "uuid": "9b7144d5-6e6d-4581-91ca-7a112b25a5bc",
              "parentUUID": "145473a2-a37c-4953-9fbf-ee87074a9734",
              "isHook": false,
              "skipped": false
            }
          ],
          "suites": [],
          "passes": [
            "d4d2ba7d-2a6a-4fe4-b645-ee9185237de3",
            "9b7144d5-6e6d-4581-91ca-7a112b25a5bc"
          ],
          "failures": [],
          "pending": [],
          "skipped": [],
          "duration": 4790,
          "root": false,
          "rootEmpty": false,
          "_timeout": 2000
        }
      ],
      "passes": [],
      "failures": [],
      "pending": [],
      "skipped": [],
      "duration": 0,
      "root": true,
      "rootEmpty": true,
      "_timeout": 2000
    },
    {
      "uuid": "4705df00-8fe4-4df8-9714-61058d1d4695",
      "title": "",
      "fullFile": "cypress\\e2e\\webdriver-uni\\hooks.cy.js",
      "file": "cypress\\e2e\\webdriver-uni\\hooks.cy.js",
      "beforeHooks": [],
      "afterHooks": [],
      "tests": [],
      "suites": [
        {
          "uuid": "65fe6c67-fc8d-4057-8d3a-e1ece5062b84",
          "title": "Hooks",
          "fullFile": "",
          "file": "",
          "beforeHooks": [],
          "afterHooks": [],
          "tests": [
            {
              "title": "Example test1",
              "fullTitle": "Hooks Example test1",
              "timedOut": null,
              "duration": 190,
              "state": "passed",
              "speed": "fast",
              "pass": true,
              "fail": false,
              "pending": false,
              "context": null,
              "code": "cy.log(\"Example test1!\");",
              "err": {},
              "uuid": "81d944c3-bfc2-4de3-88c1-edb9855b4631",
              "parentUUID": "65fe6c67-fc8d-4057-8d3a-e1ece5062b84",
              "isHook": false,
              "skipped": false
            },
            {
              "title": "Example test2",
              "fullTitle": "Hooks Example test2",
              "timedOut": null,
              "duration": 34,
              "state": "passed",
              "speed": "fast",
              "pass": true,
              "fail": false,
              "pending": false,
              "context": null,
              "code": "cy.log(\"Example test2!\");",
              "err": {},
              "uuid": "604b066a-5cb7-4592-b983-f310e091cbd0",
              "parentUUID": "65fe6c67-fc8d-4057-8d3a-e1ece5062b84",
              "isHook": false,
              "skipped": false
            }
          ],
          "suites": [],
          "passes": [
            "81d944c3-bfc2-4de3-88c1-edb9855b4631",
            "604b066a-5cb7-4592-b983-f310e091cbd0"
          ],
          "failures": [],
          "pending": [],
          "skipped": [],
          "duration": 224,
          "root": false,
          "rootEmpty": false,
          "_timeout": 2000
        }
      ],
      "passes": [],
      "failures": [],
      "pending": [],
      "skipped": [],
      "duration": 0,
      "root": true,
      "rootEmpty": true,
      "_timeout": 2000
    },
    {
      "uuid": "9911df4f-c0b1-4d73-b418-895ee91754f9",
      "title": "",
      "fullFile": "cypress\\e2e\\webdriver-uni\\iframe.cy.js",
      "file": "cypress\\e2e\\webdriver-uni\\iframe.cy.js",
      "beforeHooks": [],
      "afterHooks": [],
      "tests": [],
      "suites": [
        {
          "uuid": "48188ad7-4922-460d-83c7-aa7e79aa45b7",
          "title": "Handling IFrame & Modals",
          "fullFile": "",
          "file": "",
          "beforeHooks": [],
          "afterHooks": [],
          "tests": [
            {
              "title": "Handle webdriveruni iframe and modal",
              "fullTitle": "Handling IFrame & Modals Handle webdriveruni iframe and modal",
              "timedOut": null,
              "duration": 6100,
              "state": "passed",
              "speed": "medium",
              "pass": true,
              "fail": false,
              "pending": false,
              "context": null,
              "code": "cy.visit(\"http://www.webdriveruniversity.com\");\ncy.get('#iframe').invoke('removeAttr', 'target').click({\n  force: true\n});\ncy.get('#frame').then($iframe => {\n  const body = $iframe.contents().find('body');\n  cy.wrap(body).as('iframe');\n});\ncy.get('@iframe').find('#button-find-out-more').click();\ncy.get('@iframe').find('#myModal').as('modal');\ncy.get('@modal').should($expectedText => {\n  const text = $expectedText.text();\n  expect(text).to.include('Welcome to webdriveruniversity.com we sell a wide range of electrical goods');\n});\ncy.get('@modal').contains('Close').click();",
              "err": {},
              "uuid": "17f413a1-9d85-4466-b404-35dc6808c5c0",
              "parentUUID": "48188ad7-4922-460d-83c7-aa7e79aa45b7",
              "isHook": false,
              "skipped": false
            }
          ],
          "suites": [],
          "passes": [
            "17f413a1-9d85-4466-b404-35dc6808c5c0"
          ],
          "failures": [],
          "pending": [],
          "skipped": [],
          "duration": 6100,
          "root": false,
          "rootEmpty": false,
          "_timeout": 2000
        }
      ],
      "passes": [],
      "failures": [],
      "pending": [],
      "skipped": [],
      "duration": 0,
      "root": true,
      "rootEmpty": true,
      "_timeout": 2000
    },
    {
      "uuid": "a08c8523-7c42-4861-b3cf-42dc8821838b",
      "title": "",
      "fullFile": "cypress\\e2e\\webdriver-uni\\javascript-alerts.cy.js",
      "file": "cypress\\e2e\\webdriver-uni\\javascript-alerts.cy.js",
      "beforeHooks": [],
      "afterHooks": [],
      "tests": [],
      "suites": [
        {
          "uuid": "65c98612-40ea-4ed4-af6b-1e71be861508",
          "title": "Validate javascript alerts",
          "fullFile": "",
          "file": "",
          "beforeHooks": [],
          "afterHooks": [],
          "tests": [
            {
              "title": "Validate javascript confirm box OK",
              "fullTitle": "Validate javascript alerts Validate javascript confirm box OK",
              "timedOut": null,
              "duration": 4026,
              "state": "passed",
              "speed": "fast",
              "pass": true,
              "fail": false,
              "pending": false,
              "context": null,
              "code": "cy.visit('http://www.webdriveruniversity.com/');\ncy.get('#popup-alerts').invoke('removeAttr', 'target').click({\n  force: true\n});\n// Cypress clicked on the OK button by default\ncy.get('#button4').click();\ncy.on('window:alert', str => {\n  return true;\n});\ncy.get('#confirm-alert-text').contains('You pressed OK!');",
              "err": {},
              "uuid": "2d998d88-aa80-414e-a934-51827b98f64b",
              "parentUUID": "65c98612-40ea-4ed4-af6b-1e71be861508",
              "isHook": false,
              "skipped": false
            },
            {
              "title": "Validate javascript using STUBS",
              "fullTitle": "Validate javascript alerts Validate javascript using STUBS",
              "timedOut": null,
              "duration": 1212,
              "state": "passed",
              "speed": "fast",
              "pass": true,
              "fail": false,
              "pending": false,
              "context": null,
              "code": "cy.visit('http://www.webdriveruniversity.com/');\ncy.get('#popup-alerts').invoke('removeAttr', 'target').click({\n  force: true\n});\nconst stub = cy.stub();\ncy.on('window:confirm', stub);\ncy.get('#button4').click().then(() => {\n  expect(stub.getCall(0)).to.be.calledWith('Press a button!');\n}).then(() => {\n  return true;\n}).then(() => {\n  cy.get('#confirm-alert-text').contains('You pressed OK!');\n});",
              "err": {},
              "uuid": "60be7185-50c5-46b8-a692-1281df45f02c",
              "parentUUID": "65c98612-40ea-4ed4-af6b-1e71be861508",
              "isHook": false,
              "skipped": false
            }
          ],
          "suites": [],
          "passes": [
            "2d998d88-aa80-414e-a934-51827b98f64b",
            "60be7185-50c5-46b8-a692-1281df45f02c"
          ],
          "failures": [],
          "pending": [],
          "skipped": [],
          "duration": 5238,
          "root": false,
          "rootEmpty": false,
          "_timeout": 2000
        }
      ],
      "passes": [],
      "failures": [],
      "pending": [],
      "skipped": [],
      "duration": 0,
      "root": true,
      "rootEmpty": true,
      "_timeout": 2000
    },
    {
      "uuid": "4fa67a83-0c74-454e-962e-6291fac64578",
      "title": "",
      "fullFile": "cypress\\e2e\\webdriver-uni\\mouse-actions.cy.js",
      "file": "cypress\\e2e\\webdriver-uni\\mouse-actions.cy.js",
      "beforeHooks": [],
      "afterHooks": [],
      "tests": [],
      "suites": [
        {
          "uuid": "04ef75c8-f64f-4d48-a346-11a6db919226",
          "title": "Mouse actions via WebDriverUni",
          "fullFile": "",
          "file": "",
          "beforeHooks": [],
          "afterHooks": [],
          "tests": [
            {
              "title": "Scroll element into view",
              "fullTitle": "Mouse actions via WebDriverUni Scroll element into view",
              "timedOut": null,
              "duration": 3375,
              "state": "passed",
              "speed": "fast",
              "pass": true,
              "fail": false,
              "pending": false,
              "context": null,
              "code": "cy.visit(\"http://www.webdriveruniversity.com\");\ncy.get('#actions').scrollIntoView().invoke('removeAttr', 'target').click({\n  force: true\n});",
              "err": {},
              "uuid": "d176f481-680e-4db8-a2b3-1c8e79a8809c",
              "parentUUID": "04ef75c8-f64f-4d48-a346-11a6db919226",
              "isHook": false,
              "skipped": false
            },
            {
              "title": "I should be able to drag and drop element",
              "fullTitle": "Mouse actions via WebDriverUni I should be able to drag and drop element",
              "timedOut": null,
              "duration": 1011,
              "state": "passed",
              "speed": "fast",
              "pass": true,
              "fail": false,
              "pending": false,
              "context": null,
              "code": "cy.visit(\"http://www.webdriveruniversity.com\");\ncy.get('#actions').invoke('removeAttr', 'target').click({\n  force: true\n});\ncy.get('#draggable').trigger('mousedown', {\n  which: 1\n});\ncy.get('#droppable').trigger('mousemove').trigger('mouseup', {\n  force: true\n});",
              "err": {},
              "uuid": "93eddae1-a6db-482a-be5c-ce68c724ef3c",
              "parentUUID": "04ef75c8-f64f-4d48-a346-11a6db919226",
              "isHook": false,
              "skipped": false
            },
            {
              "title": "I should be able to perform a double click",
              "fullTitle": "Mouse actions via WebDriverUni I should be able to perform a double click",
              "timedOut": null,
              "duration": 1149,
              "state": "passed",
              "speed": "fast",
              "pass": true,
              "fail": false,
              "pending": false,
              "context": null,
              "code": "cy.visit(\"http://www.webdriveruniversity.com\");\ncy.get('#actions').invoke('removeAttr', 'target').click({\n  force: true\n});\ncy.get('#double-click').dblclick().should('have.css', 'background-color', 'rgb(147, 203, 90)');",
              "err": {},
              "uuid": "4576086e-8d00-46ac-a1e0-2daaa754aa26",
              "parentUUID": "04ef75c8-f64f-4d48-a346-11a6db919226",
              "isHook": false,
              "skipped": false
            },
            {
              "title": "I should be able to hold down the left mouse click",
              "fullTitle": "Mouse actions via WebDriverUni I should be able to hold down the left mouse click",
              "timedOut": null,
              "duration": 1071,
              "state": "passed",
              "speed": "fast",
              "pass": true,
              "fail": false,
              "pending": false,
              "context": null,
              "code": "cy.visit(\"http://www.webdriveruniversity.com\");\ncy.get('#actions').invoke('removeAttr', 'target').click({\n  force: true\n});\ncy.get('#click-box').trigger('mousedown', {\n  which: 1\n}).then($element => {\n  expect($element).to.have.css('background-color', 'rgb(0, 255, 0)');\n});",
              "err": {},
              "uuid": "6680a4bd-8932-4987-b6f5-b517326187d7",
              "parentUUID": "04ef75c8-f64f-4d48-a346-11a6db919226",
              "isHook": false,
              "skipped": false
            }
          ],
          "suites": [],
          "passes": [
            "d176f481-680e-4db8-a2b3-1c8e79a8809c",
            "93eddae1-a6db-482a-be5c-ce68c724ef3c",
            "4576086e-8d00-46ac-a1e0-2daaa754aa26",
            "6680a4bd-8932-4987-b6f5-b517326187d7"
          ],
          "failures": [],
          "pending": [],
          "skipped": [],
          "duration": 6606,
          "root": false,
          "rootEmpty": false,
          "_timeout": 2000
        }
      ],
      "passes": [],
      "failures": [],
      "pending": [],
      "skipped": [],
      "duration": 0,
      "root": true,
      "rootEmpty": true,
      "_timeout": 2000
    },
    {
      "uuid": "67d412b8-7d65-4dff-8f3b-b799026d708e",
      "title": "",
      "fullFile": "cypress\\e2e\\webdriver-uni\\radio-buttons.cy.js",
      "file": "cypress\\e2e\\webdriver-uni\\radio-buttons.cy.js",
      "beforeHooks": [],
      "afterHooks": [],
      "tests": [],
      "suites": [
        {
          "uuid": "b4b508bc-994b-4657-8140-89011ec65130",
          "title": "Verifying radiobuttons via WebDriverUni",
          "fullFile": "",
          "file": "",
          "beforeHooks": [],
          "afterHooks": [],
          "tests": [
            {
              "title": "Check specific radiobuttons",
              "fullTitle": "Verifying radiobuttons via WebDriverUni Check specific radiobuttons",
              "timedOut": null,
              "duration": 4152,
              "state": "passed",
              "speed": "fast",
              "pass": true,
              "fail": false,
              "pending": false,
              "context": null,
              "code": "cy.get('#radio-buttons').find(\"[type='radio']\").first().check();\ncy.get('#radio-buttons').find(\"[type='radio']\").eq(1).check();\ncy.log(\"Test 1\");",
              "err": {},
              "uuid": "7324c66d-ea4b-4395-8000-8cb7a03a0950",
              "parentUUID": "b4b508bc-994b-4657-8140-89011ec65130",
              "isHook": false,
              "skipped": false
            },
            {
              "title": "Validate states of radiobuttons",
              "fullTitle": "Verifying radiobuttons via WebDriverUni Validate states of radiobuttons",
              "timedOut": null,
              "duration": 1013,
              "state": "passed",
              "speed": "fast",
              "pass": true,
              "fail": false,
              "pending": false,
              "context": null,
              "code": "cy.get(\"[value='lettuce']\").should('not.be.checked');\ncy.get(\"[value='cabbage']\").should('not.be.checked').should('be.disabled');\ncy.get(\"[value='pumpkin']\").should('be.checked');",
              "err": {},
              "uuid": "8e7607fd-3248-4a61-a16a-b348278b8f83",
              "parentUUID": "b4b508bc-994b-4657-8140-89011ec65130",
              "isHook": false,
              "skipped": false
            }
          ],
          "suites": [],
          "passes": [
            "7324c66d-ea4b-4395-8000-8cb7a03a0950",
            "8e7607fd-3248-4a61-a16a-b348278b8f83"
          ],
          "failures": [],
          "pending": [],
          "skipped": [],
          "duration": 5165,
          "root": false,
          "rootEmpty": false,
          "_timeout": 2000
        }
      ],
      "passes": [],
      "failures": [],
      "pending": [],
      "skipped": [],
      "duration": 0,
      "root": true,
      "rootEmpty": true,
      "_timeout": 2000
    },
    {
      "uuid": "943fb201-8947-40e6-ae94-8bcfb786c6f5",
      "title": "",
      "fullFile": "cypress\\e2e\\webdriver-uni\\select-dropdown-list.cy.js",
      "file": "cypress\\e2e\\webdriver-uni\\select-dropdown-list.cy.js",
      "beforeHooks": [],
      "afterHooks": [],
      "tests": [],
      "suites": [
        {
          "uuid": "99238c74-dde0-416a-9233-b7584a31d524",
          "title": "Interact with dropdown lists via WebDriverUni",
          "fullFile": "",
          "file": "",
          "beforeHooks": [],
          "afterHooks": [],
          "tests": [
            {
              "title": "Select specific values via select dropdown lists",
              "fullTitle": "Interact with dropdown lists via WebDriverUni Select specific values via select dropdown lists",
              "timedOut": null,
              "duration": 4466,
              "state": "passed",
              "speed": "fast",
              "pass": true,
              "fail": false,
              "pending": false,
              "context": null,
              "code": "cy.visit(\"http://www.webdriveruniversity.com\");\ncy.get('#dropdown-checkboxes-radiobuttons').invoke('removeAttr', 'target').click({\n  force: true\n});\ncy.get('#dropdowm-menu-1').select('c#');\ncy.get('#dropdowm-menu-2').select('testng').should('have.value', 'testng');\ncy.get('#dropdowm-menu-3').select('css').contains('CSS');\ncy.get('#dropdowm-menu-2').select('maven').should('have.value', 'maven');",
              "err": {},
              "uuid": "60d82647-75fd-4c7a-b615-4f3c63dd0e32",
              "parentUUID": "99238c74-dde0-416a-9233-b7584a31d524",
              "isHook": false,
              "skipped": false
            }
          ],
          "suites": [],
          "passes": [
            "60d82647-75fd-4c7a-b615-4f3c63dd0e32"
          ],
          "failures": [],
          "pending": [],
          "skipped": [],
          "duration": 4466,
          "root": false,
          "rootEmpty": false,
          "_timeout": 2000
        }
      ],
      "passes": [],
      "failures": [],
      "pending": [],
      "skipped": [],
      "duration": 0,
      "root": true,
      "rootEmpty": true,
      "_timeout": 2000
    },
    {
      "uuid": "9adcdc45-87b3-4ab2-8bb1-d1ce3321c851",
      "title": "",
      "fullFile": "cypress\\e2e\\webdriver-uni\\traversing-elements.cy.js",
      "file": "cypress\\e2e\\webdriver-uni\\traversing-elements.cy.js",
      "beforeHooks": [],
      "afterHooks": [],
      "tests": [],
      "suites": [
        {
          "uuid": "7f5ce32f-b38c-4809-abd7-a1e1d78b3259",
          "title": "Traversing DOM elements in Cypress",
          "fullFile": "",
          "file": "",
          "beforeHooks": [],
          "afterHooks": [],
          "tests": [
            {
              "title": "children() to get the children of DOM elements",
              "fullTitle": "Traversing DOM elements in Cypress children() to get the children of DOM elements",
              "timedOut": null,
              "duration": 3438,
              "state": "passed",
              "speed": "fast",
              "pass": true,
              "fail": false,
              "pending": false,
              "context": null,
              "code": "cy.get('.traversal-breadcrumb').children('.active').should('contain', 'Contact Us');",
              "err": {},
              "uuid": "9452312b-44c9-42af-917f-8e94987217df",
              "parentUUID": "7f5ce32f-b38c-4809-abd7-a1e1d78b3259",
              "isHook": false,
              "skipped": false
            },
            {
              "title": "closest() to validate the closest ancestor DOM element",
              "fullTitle": "Traversing DOM elements in Cypress closest() to validate the closest ancestor DOM element",
              "timedOut": null,
              "duration": 983,
              "state": "passed",
              "speed": "fast",
              "pass": true,
              "fail": false,
              "pending": false,
              "context": null,
              "code": "cy.get('.traversal-badge').closest('ul').should('have.class', 'list-group');",
              "err": {},
              "uuid": "f58534d7-f2ad-400c-81b5-b0c06b3028a8",
              "parentUUID": "7f5ce32f-b38c-4809-abd7-a1e1d78b3259",
              "isHook": false,
              "skipped": false
            },
            {
              "title": "eq() to retrieve a specific element based on index",
              "fullTitle": "Traversing DOM elements in Cypress eq() to retrieve a specific element based on index",
              "timedOut": null,
              "duration": 879,
              "state": "passed",
              "speed": "fast",
              "pass": true,
              "fail": false,
              "pending": false,
              "context": null,
              "code": "cy.get('.traversal-drinks-list > *').eq(2).should('contain', 'Milk');",
              "err": {},
              "uuid": "b6acef79-e1e2-4f57-a324-c23c2bff6118",
              "parentUUID": "7f5ce32f-b38c-4809-abd7-a1e1d78b3259",
              "isHook": false,
              "skipped": false
            },
            {
              "title": "filter() to retrieve DOM elements that match a specific selector",
              "fullTitle": "Traversing DOM elements in Cypress filter() to retrieve DOM elements that match a specific selector",
              "timedOut": null,
              "duration": 928,
              "state": "passed",
              "speed": "fast",
              "pass": true,
              "fail": false,
              "pending": false,
              "context": null,
              "code": "cy.get('.btn-group-toggle > *').filter('.active').should('contain', 'Button-1');",
              "err": {},
              "uuid": "40f2549a-cfc1-44c6-887d-76dab49dd3f5",
              "parentUUID": "7f5ce32f-b38c-4809-abd7-a1e1d78b3259",
              "isHook": false,
              "skipped": false
            },
            {
              "title": "find() to retrieve DOM elements of a given selector",
              "fullTitle": "Traversing DOM elements in Cypress find() to retrieve DOM elements of a given selector",
              "timedOut": null,
              "duration": 953,
              "state": "passed",
              "speed": "fast",
              "pass": true,
              "fail": false,
              "pending": false,
              "context": null,
              "code": "cy.get('.traversal-pagination').find('li').find('a').should('have.length', 7);",
              "err": {},
              "uuid": "995e193d-b88e-4702-85eb-59b31f7fe5df",
              "parentUUID": "7f5ce32f-b38c-4809-abd7-a1e1d78b3259",
              "isHook": false,
              "skipped": false
            },
            {
              "title": "first() to retrieve the first DOM element within elements ",
              "fullTitle": "Traversing DOM elements in Cypress first() to retrieve the first DOM element within elements ",
              "timedOut": null,
              "duration": 935,
              "state": "passed",
              "speed": "fast",
              "pass": true,
              "fail": false,
              "pending": false,
              "context": null,
              "code": "cy.get('.traversal-table > tbody > tr > td').first().should('contain', 'Andy');",
              "err": {},
              "uuid": "16031df9-ec59-49cc-8a63-7fe46269324f",
              "parentUUID": "7f5ce32f-b38c-4809-abd7-a1e1d78b3259",
              "isHook": false,
              "skipped": false
            },
            {
              "title": "last() to retrieve the last DOM element within elements",
              "fullTitle": "Traversing DOM elements in Cypress last() to retrieve the last DOM element within elements",
              "timedOut": null,
              "duration": 885,
              "state": "passed",
              "speed": "fast",
              "pass": true,
              "fail": false,
              "pending": false,
              "context": null,
              "code": "cy.get('.traversal-table > tbody > tr > td').last().should('contain', 'Scott');",
              "err": {},
              "uuid": "b8619fcd-5095-4acf-b788-da1572f1dce0",
              "parentUUID": "7f5ce32f-b38c-4809-abd7-a1e1d78b3259",
              "isHook": false,
              "skipped": false
            },
            {
              "title": "nextAll() to get all of the next sibling DOM elements within elements",
              "fullTitle": "Traversing DOM elements in Cypress nextAll() to get all of the next sibling DOM elements within elements",
              "timedOut": null,
              "duration": 916,
              "state": "passed",
              "speed": "fast",
              "pass": true,
              "fail": false,
              "pending": false,
              "context": null,
              "code": "cy.get('.traversal-drinks-list').contains('Tea').nextAll().should('have.length', '3');",
              "err": {},
              "uuid": "2646d144-ec55-4efc-a226-3fd08781d14b",
              "parentUUID": "7f5ce32f-b38c-4809-abd7-a1e1d78b3259",
              "isHook": false,
              "skipped": false
            },
            {
              "title": "nextUntil() to get all of the next sibling DOM elements within elements until another element",
              "fullTitle": "Traversing DOM elements in Cypress nextUntil() to get all of the next sibling DOM elements within elements until another element",
              "timedOut": null,
              "duration": 905,
              "state": "passed",
              "speed": "fast",
              "pass": true,
              "fail": false,
              "pending": false,
              "context": null,
              "code": "cy.get('#coffee').nextUntil('Sugar').should('have.length', '4');",
              "err": {},
              "uuid": "bae6411b-7538-4ecf-932b-ea6c2cb972f7",
              "parentUUID": "7f5ce32f-b38c-4809-abd7-a1e1d78b3259",
              "isHook": false,
              "skipped": false
            },
            {
              "title": "not() to remove DOM element(s) from the set of elements",
              "fullTitle": "Traversing DOM elements in Cypress not() to remove DOM element(s) from the set of elements",
              "timedOut": null,
              "duration": 11394,
              "state": "failed",
              "speed": null,
              "pass": false,
              "fail": true,
              "pending": false,
              "context": null,
              "code": "cy.get('.traversal-button-states > button').not('.disabled').should('contain', 'Warning').should('not.have.class', 'disabled');",
              "err": {
                "message": "AssertionError: Timed out retrying after 10000ms: expected '[ <button.btn.btn-outline-danger>, 2 more... ]' to contain 'Warning'",
                "estack": "AssertionError: Timed out retrying after 10000ms: expected '[ <button.btn.btn-outline-danger>, 2 more... ]' to contain 'Warning'\n    at Context.eval (webpack:///./cypress/e2e/webdriver-uni/traversing-elements.cy.js:46:7)",
                "diff": null
              },
              "uuid": "01848444-4908-4ca5-8a0a-65799bd94c59",
              "parentUUID": "7f5ce32f-b38c-4809-abd7-a1e1d78b3259",
              "isHook": false,
              "skipped": false
            },
            {
              "title": "parent() To get parent DOM element of elements",
              "fullTitle": "Traversing DOM elements in Cypress parent() To get parent DOM element of elements",
              "timedOut": null,
              "duration": 1857,
              "state": "passed",
              "speed": "fast",
              "pass": true,
              "fail": false,
              "pending": false,
              "context": null,
              "code": "cy.get('.traversal-mark').parent().should('contain', 'Lorem ipsum dolor');",
              "err": {},
              "uuid": "b03c3407-2e22-4439-b04e-42d6a4f0ca25",
              "parentUUID": "7f5ce32f-b38c-4809-abd7-a1e1d78b3259",
              "isHook": false,
              "skipped": false
            },
            {
              "title": "parents() to get parents DOM element of elements",
              "fullTitle": "Traversing DOM elements in Cypress parents() to get parents DOM element of elements",
              "timedOut": null,
              "duration": 1170,
              "state": "passed",
              "speed": "fast",
              "pass": true,
              "fail": false,
              "pending": false,
              "context": null,
              "code": "cy.get('.traversal-cite').parents().should('match', 'blockquote');",
              "err": {},
              "uuid": "71e4f004-7038-4ce7-8065-6a86a3978479",
              "parentUUID": "7f5ce32f-b38c-4809-abd7-a1e1d78b3259",
              "isHook": false,
              "skipped": false
            },
            {
              "title": "prev() to get the previous sibling DOM element within elements",
              "fullTitle": "Traversing DOM elements in Cypress prev() to get the previous sibling DOM element within elements",
              "timedOut": null,
              "duration": 1070,
              "state": "passed",
              "speed": "fast",
              "pass": true,
              "fail": false,
              "pending": false,
              "context": null,
              "code": "cy.get('#sugar').prev().contains('Espresso');",
              "err": {},
              "uuid": "f07da972-979c-4003-bb4e-bef5a8b77481",
              "parentUUID": "7f5ce32f-b38c-4809-abd7-a1e1d78b3259",
              "isHook": false,
              "skipped": false
            },
            {
              "title": "prevAll() to get all previous sibling DOM elements within elements",
              "fullTitle": "Traversing DOM elements in Cypress prevAll() to get all previous sibling DOM elements within elements",
              "timedOut": null,
              "duration": 1555,
              "state": "passed",
              "speed": "fast",
              "pass": true,
              "fail": false,
              "pending": false,
              "context": null,
              "code": "cy.get('.sales').prevAll().should('have.length', '2');",
              "err": {},
              "uuid": "d92e0de1-d41e-4deb-b2bc-1a9ac099660e",
              "parentUUID": "7f5ce32f-b38c-4809-abd7-a1e1d78b3259",
              "isHook": false,
              "skipped": false
            },
            {
              "title": "prevUntil() to get all previous sibling DOM elements within elements until other element",
              "fullTitle": "Traversing DOM elements in Cypress prevUntil() to get all previous sibling DOM elements within elements until other element",
              "timedOut": null,
              "duration": 1409,
              "state": "passed",
              "speed": "fast",
              "pass": true,
              "fail": false,
              "pending": false,
              "context": null,
              "code": "cy.get('#veggie').prevUntil('#fruits').should('have.length', '5');",
              "err": {},
              "uuid": "4a8ec9ca-05ce-41ba-91a0-cdef86bf8f83",
              "parentUUID": "7f5ce32f-b38c-4809-abd7-a1e1d78b3259",
              "isHook": false,
              "skipped": false
            },
            {
              "title": "siblings() To get all sibling DOM elements of elements",
              "fullTitle": "Traversing DOM elements in Cypress siblings() To get all sibling DOM elements of elements",
              "timedOut": null,
              "duration": 1103,
              "state": "passed",
              "speed": "fast",
              "pass": true,
              "fail": false,
              "pending": false,
              "context": null,
              "code": "cy.get('.traversal-button-other-states .active').siblings().should('have.length', '3');",
              "err": {},
              "uuid": "c0c68903-e938-44eb-8986-2791404179e9",
              "parentUUID": "7f5ce32f-b38c-4809-abd7-a1e1d78b3259",
              "isHook": false,
              "skipped": false
            }
          ],
          "suites": [],
          "passes": [
            "9452312b-44c9-42af-917f-8e94987217df",
            "f58534d7-f2ad-400c-81b5-b0c06b3028a8",
            "b6acef79-e1e2-4f57-a324-c23c2bff6118",
            "40f2549a-cfc1-44c6-887d-76dab49dd3f5",
            "995e193d-b88e-4702-85eb-59b31f7fe5df",
            "16031df9-ec59-49cc-8a63-7fe46269324f",
            "b8619fcd-5095-4acf-b788-da1572f1dce0",
            "2646d144-ec55-4efc-a226-3fd08781d14b",
            "bae6411b-7538-4ecf-932b-ea6c2cb972f7",
            "b03c3407-2e22-4439-b04e-42d6a4f0ca25",
            "71e4f004-7038-4ce7-8065-6a86a3978479",
            "f07da972-979c-4003-bb4e-bef5a8b77481",
            "d92e0de1-d41e-4deb-b2bc-1a9ac099660e",
            "4a8ec9ca-05ce-41ba-91a0-cdef86bf8f83",
            "c0c68903-e938-44eb-8986-2791404179e9"
          ],
          "failures": [
            "01848444-4908-4ca5-8a0a-65799bd94c59"
          ],
          "pending": [],
          "skipped": [],
          "duration": 30380,
          "root": false,
          "rootEmpty": false,
          "_timeout": 2000
        }
      ],
      "passes": [],
      "failures": [],
      "pending": [],
      "skipped": [],
      "duration": 0,
      "root": true,
      "rootEmpty": true,
      "_timeout": 2000
    }
  ],
  "meta": {
    "mocha": {
      "version": "7.0.1"
    },
    "mochawesome": {
      "options": {
        "quiet": false,
        "reportFilename": "mochawesome",
        "saveHtml": false,
        "saveJson": true,
        "consoleReporter": "spec",
        "useInlineDiffs": false,
        "code": true
      },
      "version": "7.1.3"
    },
    "marge": {
      "options": {
        "id": "default",
        "reportDir": "cypress/results/mochawesome",
        "quite": true,
        "overwrite": false,
        "html": false,
        "json": true
      },
      "version": "6.2.0"
    }
  }
}